Arguments: 
  /Users/valdenirflauzino/.nvm/versions/node/v17.9.1/bin/node /usr/local/bin/yarn add stylelint stylelint-condig-sass-guidelines stylelint-config-prettier stylelint-prettier prettier

PATH: 
  /Users/valdenirflauzino/.nvm/versions/node/v17.9.1/bin:/usr/local/bin:/usr/local/bin:/Library/Frameworks/Python.framework/Versions/2.7/bin:/usr/local/bin:/System/Cryptexes/App/usr/bin:/usr/bin:/bin:/usr/sbin:/sbin:/usr/local/go/bin:/usr/local/share/dotnet:~/.dotnet/tools:/Library/Apple/usr/bin:/Library/Frameworks/Mono.framework/Versions/Current/Commands:/Applications/Postgres.app/Contents/Versions/latest/bin:/Users/valdenirflauzino/.nvm/versions/node/v17.9.1/bin:/Library/Frameworks/Python.framework/Versions/2.7/bin:/Users/valdenirflauzino/Library/Android/sdk/emulator:/Users/valdenirflauzino/Library/Android/sdk/tools:/Users/valdenirflauzino/Library/Android/sdk/tools/bin:/Users/valdenirflauzino/Library/Android/sdk/platform-tools:/Users/valdenirflauzino/Library/Android/sdk/emulator:/Users/valdenirflauzino/Library/Android/sdk/tools:/Users/valdenirflauzino/Library/Android/sdk/tools/bin:/Users/valdenirflauzino/Library/Android/sdk/platform-tools

Yarn version: 
  1.22.19

Node version: 
  17.9.1

Platform: 
  darwin x64

Trace: 
  Error: https://registry.yarnpkg.com/stylelint-condig-sass-guidelines: Not found
      at Request.params.callback [as _callback] (/usr/local/lib/node_modules/yarn/lib/cli.js:66145:18)
      at Request.self.callback (/usr/local/lib/node_modules/yarn/lib/cli.js:140890:22)
      at Request.emit (node:events:527:28)
      at Request.<anonymous> (/usr/local/lib/node_modules/yarn/lib/cli.js:141862:10)
      at Request.emit (node:events:527:28)
      at IncomingMessage.<anonymous> (/usr/local/lib/node_modules/yarn/lib/cli.js:141784:12)
      at Object.onceWrapper (node:events:641:28)
      at IncomingMessage.emit (node:events:539:35)
      at endReadableNT (node:internal/streams/readable:1345:12)
      at processTicksAndRejections (node:internal/process/task_queues:83:21)

npm manifest: 
  {
    "name": "SCSS",
    "version": "1.0.0",
    "main": "index.js",
    "license": "MIT",
    "dependencies": {
      "normalize-scss": "^7.0.1"
    }
  }

yarn manifest: 
  No manifest

Lockfile: 
  # THIS IS AN AUTOGENERATED FILE. DO NOT EDIT THIS FILE DIRECTLY.
  # yarn lockfile v1
  
  
  normalize-scss@^7.0.1:
    version "7.0.1"
    resolved "https://registry.yarnpkg.com/normalize-scss/-/normalize-scss-7.0.1.tgz#74485e82bb5d0526371136422a09fdb868ffc1a4"
    integrity sha512-qj16bWnYs+9/ac29IgGjySg4R5qQTp1lXfm7ApFOZNVBYFY8RZ3f8+XQNDDLHeDtI3Ba7Jj4+LuPgz9v/fne2A==
